

SysTransTime=[20130604112501]MsgType=[0200],BITMAP=[ConvOutToIn Debug.
F23A648188E080180000000010000081]
Bit [0] = 			[0200].
Bit [2] = 			[62238453502924538].
Bit [3] = 			[000000].
Bit [4] = 			[000000008236].
Bit [7] = 			[0604092248].
Bit [11] = 			[161515].
Bit [12] = 			[092248].
Bit [13] = 			[0604].
Bit [15] = 			[0603].
Bit [18] = 			[4899].
Bit [19] = 			[344].
Bit [22] = 			[012].
Bit [25] = 			[00].
Bit [32] = 			[47980344].
Bit [33] = 			[00010344].
Bit [37] = 			[040922483385].
Bit [41] = 			[61080209].
Bit [42] = 			[001440148990011].
Bit [43] = 			[财付通科技                              ].
Bit [49] = 			[156].
Bit [60] = 			[000000000700101000000027001].
Bit [61] = 			[                                CUPAM0000000000000000].
Bit [100] = 			[03110000].
Bit [121] = 			[514S56000351503110000   0000000000000000000].
Bit [128] = 			[32 42 35 30 37 38 39 41 ]


SysTransTime=[20130604112501]ConvInToOut Debug.
Bit [0] =			[0210].
BITMAP=[F23E60818AC080180000000010000081]
Bit [2] =			[62238453502924538].
Bit [3] =			[000000].
Bit [4] =			[000000008236].
Bit [7] =			[0604092248].
Bit [11] =			[161515].
Bit [12] =			[092248].
Bit [13] =			[0604].
Bit [14] =			[0000].
Bit [15] =			[0603].
Bit [18] =			[4899].
Bit [19] =			[344].
Bit [25] =			[00].
Bit [32] =			[47980344].
Bit [33] =			[00010344].
Bit [37] =			[040922483385].
Bit [39] =			[94].
Bit [41] =			[61080209].
Bit [42] =			[001440148990011].
Bit [49] =			[156].
Bit [60] =			[000000000700101000000027001000].
Bit [61] =			[0000000000000000000000     000  CUPAM0000000000000000].
Bit [100] =			[03110000].
Bit [121] =			[514S56000351503110000   0000000000000000000].
Bit [128] =			[45 34 41 37 43 37 45 32 ]


SysTransTime=[20130604113549]MsgType=[0200],BITMAP=[ConvOutToIn Debug.
F23A64C188E098180000000010000081]
Bit [0] = 			[0200].
Bit [2] = 			[62238453502924538].
Bit [3] = 			[000000].
Bit [4] = 			[000000000001].
Bit [7] = 			[0604103502].
Bit [11] = 			[162624].
Bit [12] = 			[103502].
Bit [13] = 			[0604].
Bit [15] = 			[0603].
Bit [18] = 			[4899].
Bit [19] = 			[344].
Bit [22] = 			[011].
Bit [25] = 			[00].
Bit [26] = 			[06].
Bit [32] = 			[47980344].
Bit [33] = 			[00010344].
Bit [37] = 			[041035021725].
Bit [41] = 			[61080209].
Bit [42] = 			[798034400000001].
Bit [43] = 			[银联商城                                ].
Bit [49] = 			[156].
Bit [52] = 			[**********].
Bit [53] = 			[1600000000000000].
Bit [60] = 			[000000000700091000000027001].
Bit [61] = 			[                                CUPAM100000001000000001118676681025].
Bit [100] = 			[03110000].
Bit [121] = 			[514S56000351503110000   0000000000000000000].
Bit [128] = 			[44 39 32 31 37 39 32 34 ]


SysTransTime=[20130604113549]ConvInToOut Debug.
Bit [0] =			[0210].
BITMAP=[F23E60818EC080180000000010000081]
Bit [2] =			[62238453502924538].
Bit [3] =			[000000].
Bit [4] =			[000000000001].
Bit [7] =			[0604103502].
Bit [11] =			[162624].
Bit [12] =			[103502].
Bit [13] =			[0604].
Bit [14] =			[0000].
Bit [15] =			[0603].
Bit [18] =			[4899].
Bit [19] =			[344].
Bit [25] =			[00].
Bit [32] =			[47980344].
Bit [33] =			[00010344].
Bit [37] =			[041035021725].
Bit [38] =			[300369].
Bit [39] =			[00].
Bit [41] =			[61080209].
Bit [42] =			[798034400000001].
Bit [49] =			[156].
Bit [60] =			[000000000700091000000027001000].
Bit [61] =			[0000000000000000000000     000  CUPAM100000001000000001118676681025].
Bit [100] =			[03110000].
Bit [121] =			[514S56000351503110000   0000000000000000000].
Bit [128] =			[32 36 33 45 41 34 31 39 ]


SysTransTime=[20130604113626]MsgType=[0200],BITMAP=[ConvOutToIn Debug.
F23A64C188E098180000000010000081]
Bit [0] = 			[0200].
Bit [2] = 			[62238453502924538].
Bit [3] = 			[000000].
Bit [4] = 			[000000000100].
Bit [7] = 			[0604103608].
Bit [11] = 			[162627].
Bit [12] = 			[103608].
Bit [13] = 			[0604].
Bit [15] = 			[0603].
Bit [18] = 			[4899].
Bit [19] = 			[344].
Bit [22] = 			[011].
Bit [25] = 			[00].
Bit [26] = 			[06].
Bit [32] = 			[47980344].
Bit [33] = 			[00010344].
Bit [37] = 			[041036084430].
Bit [41] = 			[61080209].
Bit [42] = 			[798034400000001].
Bit [43] = 			[银联商城                                ].
Bit [49] = 			[156].
Bit [52] = 			[**********].
Bit [53] = 			[1600000000000000].
Bit [60] = 			[000000000700091000000027001].
Bit [61] = 			[                                CUPAM100000001000000001118676681025].
Bit [100] = 			[03110000].
Bit [121] = 			[514S56000351503110000   0000000000000000000].
Bit [128] = 			[37 31 36 44 46 43 31 36 ]


SysTransTime=[20130604113627]ConvInToOut Debug.
Bit [0] =			[0210].
BITMAP=[F23E60818EC080180000000010000081]
Bit [2] =			[62238453502924538].
Bit [3] =			[000000].
Bit [4] =			[000000000100].
Bit [7] =			[0604103608].
Bit [11] =			[162627].
Bit [12] =			[103608].
Bit [13] =			[0604].
Bit [14] =			[0000].
Bit [15] =			[0603].
Bit [18] =			[4899].
Bit [19] =			[344].
Bit [25] =			[00].
Bit [32] =			[47980344].
Bit [33] =			[00010344].
Bit [37] =			[041036084430].
Bit [38] =			[300370].
Bit [39] =			[00].
Bit [41] =			[61080209].
Bit [42] =			[798034400000001].
Bit [49] =			[156].
Bit [60] =			[000000000700091000000027001000].
Bit [61] =			[0000000000000000000000     000  CUPAM100000001000000001118676681025].
Bit [100] =			[03110000].
Bit [121] =			[514S56000351503110000   0000000000000000000].
Bit [128] =			[39 41 45 33 33 43 31 33 ]


SysTransTime=[20130604113702]MsgType=[0100],BITMAP=[ConvOutToIn Debug.
F23A64C188E098180000000010000081]
Bit [0] = 			[0100].
Bit [2] = 			[62238453502924538].
Bit [3] = 			[030000].
Bit [4] = 			[000000000100].
Bit [7] = 			[0604103650].
Bit [11] = 			[162631].
Bit [12] = 			[103650].
Bit [13] = 			[0604].
Bit [15] = 			[0603].
Bit [18] = 			[4899].
Bit [19] = 			[344].
Bit [22] = 			[011].
Bit [25] = 			[06].
Bit [26] = 			[06].
Bit [32] = 			[47980344].
Bit [33] = 			[00010344].
Bit [37] = 			[041036503471].
Bit [41] = 			[61080209].
Bit [42] = 			[798034400000001].
Bit [43] = 			[银联商城                                ].
Bit [49] = 			[156].
Bit [52] = 			[**********].
Bit [53] = 			[1600000000000000].
Bit [60] = 			[000000000700091000000027001].
Bit [61] = 			[                                CUPAM100000001000000001118676681025].
Bit [100] = 			[03110000].
Bit [121] = 			[514S65000365503110000   0000000000000000000].
Bit [128] = 			[36 38 34 31 36 30 31 35 ]


SysTransTime=[20130604113702]ConvInToOut Debug.
Bit [0] =			[0110].
BITMAP=[F23E60818EC080180000000010000081]
Bit [2] =			[62238453502924538].
Bit [3] =			[030000].
Bit [4] =			[000000000100].
Bit [7] =			[0604103650].
Bit [11] =			[162631].
Bit [12] =			[103650].
Bit [13] =			[0604].
Bit [14] =			[0000].
Bit [15] =			[0603].
Bit [18] =			[4899].
Bit [19] =			[344].
Bit [25] =			[06].
Bit [32] =			[47980344].
Bit [33] =			[00010344].
Bit [37] =			[041036503471].
Bit [38] =			[001545].
Bit [39] =			[00].
Bit [41] =			[61080209].
Bit [42] =			[798034400000001].
Bit [49] =			[156].
Bit [60] =			[000000000700091000000027001000].
Bit [61] =			[0000000000000000000000     000  CUPAM100000001000000001118676681025].
Bit [100] =			[03110000].
Bit [121] =			[514S65000365503110000   0000000000000000000].
Bit [128] =			[45 45 37 42 43 37 33 43 ]


SysTransTime=[20130604113931]MsgType=[0200],BITMAP=[ConvOutToIn Debug.
F23A64818CE080180000000010000081]
Bit [0] = 			[0200].
Bit [2] = 			[62238453502924538].
Bit [3] = 			[000000].
Bit [4] = 			[000000000115].
Bit [7] = 			[0604103903].
Bit [11] = 			[162640].
Bit [12] = 			[103903].
Bit [13] = 			[0604].
Bit [15] = 			[0603].
Bit [18] = 			[4899].
Bit [19] = 			[344].
Bit [22] = 			[012].
Bit [25] = 			[06].
Bit [32] = 			[47980344].
Bit [33] = 			[00010344].
Bit [37] = 			[041039034603].
Bit [38] = 			[001545].
Bit [41] = 			[61080209].
Bit [42] = 			[798034400000001].
Bit [43] = 			[银联商城                                ].
Bit [49] = 			[156].
Bit [60] = 			[000000000700001000000027001].
Bit [61] = 			[                                CUPAM0000000000000000].
Bit [100] = 			[03110000].
Bit [121] = 			[514S67000366503110000   0000000000000000000].
Bit [128] = 			[41 33 36 41 30 41 41 34 ]


SysTransTime=[20130604113931]ConvInToOut Debug.
Bit [0] =			[0210].
BITMAP=[F23E60818EC080180000000010000081]
Bit [2] =			[62238453502924538].
Bit [3] =			[000000].
Bit [4] =			[000000000115].
Bit [7] =			[0604103903].
Bit [11] =			[162640].
Bit [12] =			[103903].
Bit [13] =			[0604].
Bit [14] =			[0000].
Bit [15] =			[0603].
Bit [18] =			[4899].
Bit [19] =			[344].
Bit [25] =			[06].
Bit [32] =			[47980344].
Bit [33] =			[00010344].
Bit [37] =			[041039034603].
Bit [38] =			[001545].
Bit [39] =			[00].
Bit [41] =			[61080209].
Bit [42] =			[798034400000001].
Bit [49] =			[156].
Bit [60] =			[000000000700001000000027001000].
Bit [61] =			[0000000000000000000000     000  CUPAM0000000000000000].
Bit [100] =			[03110000].
Bit [121] =			[514S67000366503110000   0000000000000000000].
Bit [128] =			[41 46 37 34 34 34 30 45 ]


SysTransTime=[20130604114033]MsgType=[0220],BITMAP=[ConvOutToIn Debug.
F23A64818CE080100000004010000081]
Bit [0] = 			[0220].
Bit [2] = 			[62238453502924538].
Bit [3] = 			[200000].
Bit [4] = 			[000000000005].
Bit [7] = 			[0604104020].
Bit [11] = 			[162643].
Bit [12] = 			[104020].
Bit [13] = 			[0604].
Bit [15] = 			[0603].
Bit [18] = 			[4899].
Bit [19] = 			[344].
Bit [22] = 			[012].
Bit [25] = 			[00].
Bit [32] = 			[47980344].
Bit [33] = 			[00010344].
Bit [37] = 			[041036084430].
Bit [38] = 			[300370].
Bit [41] = 			[61080209].
Bit [42] = 			[798034400000001].
Bit [43] = 			[银联商城                                ].
Bit [49] = 			[156].
Bit [60] = 			[000000000700001000000027001].
Bit [90] = 			[020016262706041036080004798034400000010344].
Bit [100] = 			[03110000].
Bit [121] = 			[514S30000035503110000   0000000000000000000].
Bit [128] = 			[43 43 42 46 43 43 32 43 ]


SysTransTime=[20130604114033]ConvInToOut Debug.
Bit [0] =			[0230].
BITMAP=[F23A40818AC080100000000010000081]
Bit [2] =			[62238453502924538].
Bit [3] =			[200000].
Bit [4] =			[000000000005].
Bit [7] =			[0604104020].
Bit [11] =			[162643].
Bit [12] =			[104020].
Bit [13] =			[0604].
Bit [15] =			[0603].
Bit [18] =			[4899].
Bit [25] =			[00].
Bit [32] =			[47980344].
Bit [33] =			[00010344].
Bit [37] =			[041036084430].
Bit [39] =			[00].
Bit [41] =			[61080209].
Bit [42] =			[798034400000001].
Bit [49] =			[156].
Bit [60] =			[000000000700001000000027001000].
Bit [100] =			[03110000].
Bit [121] =			[514S30000035503110000   0000000000000000000].
Bit [128] =			[32 42 31 43 46 37 41 42 ]
